{
  "RSpec": {
    "coverage": {
      "/Users/carlypulver/Dropbox/launchacademy/group_project/ok_bus/app/models/user.rb": [
        1,
        1,
        1,
        null,
        null,
        1,
        null,
        null,
        1,
        null,
        null,
        1,
        null,
        1,
        1,
        6,
        null,
        null,
        1,
        0,
        null,
        null,
        1,
        null,
        1,
        17,
        null,
        null
      ],
      "/Users/carlypulver/Dropbox/launchacademy/group_project/ok_bus/app/uploaders/profile_photo_uploader.rb": [
        null,
        1,
        null,
        null,
        1,
        null,
        null,
        null,
        1,
        0,
        null,
        1,
        null,
        null,
        null,
        null,
        null,
        null,
        1,
        0,
        null,
        null,
        null,
        null,
        null,
        null,
        null,
        null,
        null,
        null,
        null,
        null,
        null,
        null,
        null,
        null,
        null,
        1,
        null,
        null,
        null,
        null,
        null,
        null,
        null,
        null,
        null,
        null,
        null,
        null,
        null,
        null,
        null,
        null,
        null,
        null
      ],
      "/Users/carlypulver/Dropbox/launchacademy/group_project/ok_bus/app/helpers/application_helper.rb": [
        1,
        null
      ],
      "/Users/carlypulver/Dropbox/launchacademy/group_project/ok_bus/app/helpers/votes_helper.rb": [
        1,
        1,
        4,
        4,
        2,
        1,
        null,
        null,
        null,
        null,
        1,
        null,
        null,
        2,
        null,
        null,
        null,
        null,
        null,
        null,
        1,
        2,
        2,
        1,
        null,
        null,
        null,
        null,
        null
      ],
      "/Users/carlypulver/Dropbox/launchacademy/group_project/ok_bus/app/models/ride.rb": [
        1,
        1,
        1,
        1,
        null,
        null,
        null,
        null,
        null,
        null,
        null,
        null,
        null,
        1,
        1,
        null,
        1,
        null,
        null,
        null,
        1,
        null,
        null,
        1,
        null,
        null,
        1,
        null,
        null,
        null,
        1,
        0,
        null,
        null
      ],
      "/Users/carlypulver/Dropbox/launchacademy/group_project/ok_bus/app/models/bus.rb": [
        1,
        1,
        1,
        null,
        1,
        1,
        1,
        null,
        1,
        0,
        null,
        null,
        null,
        null,
        null,
        1,
        0,
        0,
        0,
        0,
        0,
        null,
        0,
        null,
        null,
        0,
        null,
        null,
        null
      ],
      "/Users/carlypulver/Dropbox/launchacademy/group_project/ok_bus/app/controllers/reviews_controller.rb": [
        1,
        1,
        1,
        0,
        null,
        null,
        1,
        0,
        0,
        0,
        null,
        null,
        1,
        0,
        0,
        null,
        0,
        0,
        null,
        null,
        0,
        null,
        0,
        null,
        null,
        null,
        1,
        0,
        0,
        null,
        null,
        1,
        0,
        0,
        null,
        0,
        0,
        null,
        null,
        0,
        null,
        null,
        null,
        1,
        0,
        0,
        0,
        0,
        null,
        null,
        null,
        1,
        0,
        0,
        0,
        0,
        null,
        null,
        null,
        1,
        null,
        1,
        null,
        null,
        null,
        null,
        0,
        null,
        null
      ],
      "/Users/carlypulver/Dropbox/launchacademy/group_project/ok_bus/app/controllers/application_controller.rb": [
        1,
        null,
        null,
        1,
        1,
        null,
        1,
        0,
        0,
        0,
        null,
        null,
        null,
        1,
        null,
        1,
        11,
        null,
        null
      ],
      "/Users/carlypulver/Dropbox/launchacademy/group_project/ok_bus/app/controllers/buses_controller.rb": [
        1,
        1,
        9,
        0,
        null,
        9,
        null,
        null,
        null,
        1,
        6,
        6,
        null,
        null
      ],
      "/Users/carlypulver/Dropbox/launchacademy/group_project/ok_bus/app/models/review.rb": [
        1,
        1,
        1,
        1,
        null,
        1,
        1,
        1,
        null,
        1,
        6,
        null,
        null,
        1,
        6,
        null,
        null
      ],
      "/Users/carlypulver/Dropbox/launchacademy/group_project/ok_bus/app/mailers/user_mailer.rb": [
        1,
        1,
        null,
        1,
        6,
        6,
        6,
        null,
        null,
        1,
        0,
        0,
        0,
        0,
        0,
        0,
        null,
        null,
        1,
        1,
        1,
        1,
        1,
        1,
        1,
        1,
        null,
        null
      ],
      "/Users/carlypulver/Dropbox/launchacademy/group_project/ok_bus/app/models/vote.rb": [
        1,
        1,
        1,
        null,
        1,
        null,
        1,
        null,
        1,
        null
      ],
      "/Users/carlypulver/Dropbox/launchacademy/group_project/ok_bus/app/controllers/votes_controller.rb": [
        1,
        1,
        null,
        1,
        1,
        1,
        1,
        null,
        null,
        null,
        1,
        1,
        1,
        null,
        0,
        null,
        null,
        null,
        1,
        0,
        0,
        0,
        null,
        0,
        null,
        0,
        0,
        null,
        null,
        null,
        0,
        null,
        null,
        1,
        0,
        0,
        0,
        null,
        null
      ]
    },
    "timestamp": 1412196748
  }
}
