{
  "RSpec": {
    "coverage": {
      "/Users/melissaanderson/Dropbox/launchacademy/ok_bus/app/models/user.rb": [
        1,
        1,
        1,
        null,
        null,
        1,
        null,
        null,
        1,
        null,
        null,
        1,
        null,
        1,
        1,
        6,
        null,
        null,
        1,
        0,
        null,
        null,
        1,
        null,
        1,
        24,
        null,
        null
      ],
      "/Users/melissaanderson/Dropbox/launchacademy/ok_bus/app/uploaders/profile_photo_uploader.rb": [
        null,
        1,
        null,
        null,
        1,
        null,
        null,
        null,
        1,
        0,
        null,
        1,
        null,
        null,
        null,
        null,
        null,
        null,
        1,
        0,
        null,
        null,
        null,
        null,
        null,
        null,
        null,
        null,
        null,
        null,
        null,
        null,
        null,
        null,
        null,
        null,
        null,
        1,
        null,
        null,
        null,
        null,
        null,
        null,
        null,
        null,
        null,
        null,
        null,
        null,
        null,
        null,
        null,
        null,
        null,
        null
      ],
      "/Users/melissaanderson/Dropbox/launchacademy/ok_bus/app/helpers/application_helper.rb": [
        1,
        null
      ],
      "/Users/melissaanderson/Dropbox/launchacademy/ok_bus/app/helpers/votes_helper.rb": [
        1,
        1,
        8,
        8,
        0,
        0,
        null,
        null,
        null,
        null,
        0,
        null,
        null,
        8,
        null,
        null,
        null,
        null,
        null,
        null,
        1,
        4,
        4,
        0,
        null,
        null,
        null,
        null,
        null
      ],
      "/Users/melissaanderson/Dropbox/launchacademy/ok_bus/app/models/review.rb": [
        1,
        1,
        1,
        1,
        1,
        null,
        1,
        1,
        1,
        null,
        1,
        5,
        null,
        null,
        1,
        5,
        null,
        null,
        1,
        1,
        1,
        null,
        0,
        null,
        null,
        null
      ],
      "/Users/melissaanderson/Dropbox/launchacademy/ok_bus/app/mailers/user_mailer.rb": [
        1,
        46,
        0,
        null,
        46,
        null,
        null,
        null,
        1,
        29,
        29,
        null,
        null
      ],
      "/Users/carlypulver/Dropbox/launchacademy/group_project/ok_bus/app/controllers/application_controller.rb": [
        1,
        6,
        6,
        6,
        null,
        null,
        1,
        0,
        0,
        0,
        0,
        0,
        0,
        null,
        null,
        1,
        0,
        0,
        0,
        0,
        0,
        0,
        0,
        null,
        null
      ],
      "/Users/melissaanderson/Dropbox/launchacademy/ok_bus/app/models/ride.rb": [
        1,
        1,
        null,
        1,
        1,
        1,
        null,
        1,
        0,
        null,
        null,
        null,
        null,
        null,
        1,
        23,
        23,
        3,
        20,
        20,
        null,
        0,
        null,
        null,
        0,
        null,
        null,
        null
      ],
      "/Users/carlypulver/Dropbox/launchacademy/group_project/ok_bus/app/controllers/admin/users_controller.rb": [
        1,
        1,
        1,
        3,
        null,
        null,
        1,
        1,
        null,
        1,
        1,
        1,
        null,
        0,
        0,
        null,
        null,
        1,
        0,
        null,
        null
      ],
      "/Users/melissaanderson/Dropbox/launchacademy/ok_bus/app/models/bus.rb": [
        1,
        1,
        1,
        1,
        1,
        null,
        1,
        1,
        1,
        null,
        1,
        0,
        null,
        null,
        null,
        null,
        null,
        1,
        4,
        4,
        0,
        4,
        4,
        null,
        0,
        null,
        null,
        0,
        null,
        null,
        null
      ],
      "/Users/melissaanderson/Dropbox/launchacademy/ok_bus/app/controllers/buses_controller.rb": [
        1,
        null,
        1,
        6,
        0,
        null,
        6,
        null,
        null,
        null,
        1,
        5,
        5,
        null,
        null
      ],
      "/Users/melissaanderson/Dropbox/launchacademy/ok_bus/app/controllers/application_controller.rb": [
        1,
        null,
        null,
        1,
        null,
        1,
        0,
        0,
        0,
        null,
        1,
        6,
        null,
        null,
        1,
        null,
        1,
        7,
        null,
        null
      ],
      "/Users/melissaanderson/Dropbox/launchacademy/ok_bus/app/models/vote.rb": [
        1,
        null,
        1,
        null,
        1,
        null,
        1,
        null
      ],
      "/Users/melissaanderson/Dropbox/launchacademy/ok_bus/app/controllers/reviews_controller.rb": [
        1,
        1,
        1,
        0,
        null,
        null,
        1,
        0,
        0,
        0,
        null,
        null,
        null,
        1,
        0,
        0,
        0,
        null,
        0,
        0,
        null,
        null,
        0,
        null,
        0,
        null,
        null,
        null,
        1,
        1,
        1,
        null,
        null,
        1,
        1,
        1,
        1,
        1,
        1,
        1,
        null,
        null,
        0,
        null,
        null,
        null,
        1,
        0,
        0,
        0,
        0,
        null,
        null,
        null,
        1,
        0,
        0,
        0,
        0,
        null,
        null,
        null,
        1,
        null,
        1,
        null,
        null,
        null,
        1,
        null,
        null,
        1,
        null,
        null,
        null,
        null,
        1,
        null,
        null
      ]
    },
    "timestamp": 1412279166
  }
}
